2026-05-27T11:52:38.093790072Z ==> Starting service...
2026-05-27T11:52:44.691894774Z [2026-05-27 11:52:44 +0000] [1] [DEBUG] Current configuration:
2026-05-27T11:52:44.691936645Z   config: gunicorn.conf.py
2026-05-27T11:52:44.691940014Z   wsgi_app: None
2026-05-27T11:52:44.691943125Z   bind: ['0.0.0.0:10000']
2026-05-27T11:52:44.691945625Z   backlog: 2048
2026-05-27T11:52:44.691948155Z   workers: 1
2026-05-27T11:52:44.691951475Z   worker_class: sync
2026-05-27T11:52:44.691953965Z   threads: 2
2026-05-27T11:52:44.691956435Z   worker_connections: 1000
2026-05-27T11:52:44.691958835Z   max_requests: 0
2026-05-27T11:52:44.691961195Z   max_requests_jitter: 0
2026-05-27T11:52:44.691963675Z   timeout: 120
2026-05-27T11:52:44.691966145Z   graceful_timeout: 30
2026-05-27T11:52:44.691968565Z   keepalive: 2
2026-05-27T11:52:44.691971135Z   limit_request_line: 4094
2026-05-27T11:52:44.691973655Z   limit_request_fields: 100
2026-05-27T11:52:44.691976055Z   limit_request_field_size: 8190
2026-05-27T11:52:44.691978415Z   reload: False
2026-05-27T11:52:44.691980885Z   reload_engine: auto
2026-05-27T11:52:44.691983295Z   reload_extra_files: []
2026-05-27T11:52:44.691985725Z   spew: False
2026-05-27T11:52:44.691988125Z   check_config: False
2026-05-27T11:52:44.691990565Z   print_config: False
2026-05-27T11:52:44.691992915Z   preload_app: False
2026-05-27T11:52:44.691995315Z   sendfile: None
2026-05-27T11:52:44.691997685Z   reuse_port: False
2026-05-27T11:52:44.692000055Z   chdir: /app
2026-05-27T11:52:44.692002435Z   daemon: False
2026-05-27T11:52:44.692004835Z   raw_env: []
2026-05-27T11:52:44.692007235Z   pidfile: None
2026-05-27T11:52:44.692009766Z   worker_tmp_dir: None
2026-05-27T11:52:44.692012546Z   user: 100
2026-05-27T11:52:44.692014875Z   group: 101
2026-05-27T11:52:44.692017175Z   umask: 0
2026-05-27T11:52:44.692019466Z   initgroups: False
2026-05-27T11:52:44.692021816Z   tmp_upload_dir: None
2026-05-27T11:52:44.692024896Z   secure_scheme_headers: {'X-FORWARDED-PROTOCOL': 'ssl', 'X-FORWARDED-PROTO': 'https', 'X-FORWARDED-SSL': 'on'}
2026-05-27T11:52:44.692028606Z   forwarded_allow_ips: ['127.0.0.1']
2026-05-27T11:52:44.692031016Z   accesslog: -
2026-05-27T11:52:44.692033476Z   disable_redirect_access_to_syslog: False
2026-05-27T11:52:44.692036486Z   access_log_format: %(h)s %(l)s %(u)s %(t)s "%(r)s" %(s)s %(b)s "%(f)s" "%(a)s"
2026-05-27T11:52:44.692038876Z   errorlog: -
2026-05-27T11:52:44.692041596Z   loglevel: debug
2026-05-27T11:52:44.692043956Z   capture_output: False
2026-05-27T11:52:44.692081676Z   logger_class: gunicorn.glogging.Logger
2026-05-27T11:52:44.692084416Z   logconfig: None
2026-05-27T11:52:44.692086947Z   logconfig_dict: {}
2026-05-27T11:52:44.692089336Z   logconfig_json: None
2026-05-27T11:52:44.692091767Z   syslog_addr: udp://localhost:514
2026-05-27T11:52:44.692094067Z   syslog: False
2026-05-27T11:52:44.692096437Z   syslog_prefix: None
2026-05-27T11:52:44.692098837Z   syslog_facility: user
2026-05-27T11:52:44.692101157Z   enable_stdio_inheritance: False
2026-05-27T11:52:44.692103687Z   statsd_host: None
2026-05-27T11:52:44.692106227Z   dogstatsd_tags: 
2026-05-27T11:52:44.692108587Z   statsd_prefix: 
2026-05-27T11:52:44.692110927Z   proc_name: None
2026-05-27T11:52:44.692113497Z   default_proc_name: switchbot_dashboard:create_app()
2026-05-27T11:52:44.692115837Z   pythonpath: None
2026-05-27T11:52:44.692118197Z   paste: None
2026-05-27T11:52:44.692120677Z   on_starting: <function OnStarting.on_starting at 0x7dd21ed8cd60>
2026-05-27T11:52:44.692123057Z   on_reload: <function OnReload.on_reload at 0x7dd21ed8cea0>
2026-05-27T11:52:44.692125527Z   when_ready: <function WhenReady.when_ready at 0x7dd21ed8cfe0>
2026-05-27T11:52:44.692134267Z   pre_fork: <function Prefork.pre_fork at 0x7dd21ed8d120>
2026-05-27T11:52:44.692137097Z   post_fork: <function Postfork.post_fork at 0x7dd21ed8d260>
2026-05-27T11:52:44.692139487Z   post_worker_init: <function PostWorkerInit.post_worker_init at 0x7dd21ed8d3a0>
2026-05-27T11:52:44.692142147Z   worker_int: <function WorkerInt.worker_int at 0x7dd21ed8d4e0>
2026-05-27T11:52:44.692144687Z   worker_abort: <function WorkerAbort.worker_abort at 0x7dd21ed8d620>
2026-05-27T11:52:44.692147077Z   pre_exec: <function PreExec.pre_exec at 0x7dd21ed8d760>
2026-05-27T11:52:44.692149447Z   pre_request: <function PreRequest.pre_request at 0x7dd21ed8d8a0>
2026-05-27T11:52:44.692151777Z   post_request: <function PostRequest.post_request at 0x7dd21ed8d940>
2026-05-27T11:52:44.692154208Z   child_exit: <function ChildExit.child_exit at 0x7dd21ed8da80>
2026-05-27T11:52:44.692156668Z   worker_exit: <function WorkerExit.worker_exit at 0x7dd21ed8dbc0>
2026-05-27T11:52:44.692159497Z   nworkers_changed: <function NumWorkersChanged.nworkers_changed at 0x7dd21ed8dd00>
2026-05-27T11:52:44.692161888Z   on_exit: <function OnExit.on_exit at 0x7dd21ed8de40>
2026-05-27T11:52:44.692164277Z   ssl_context: <function NewSSLContext.ssl_context at 0x7dd21ed8e020>
2026-05-27T11:52:44.692166768Z   proxy_protocol: False
2026-05-27T11:52:44.692169128Z   proxy_allow_ips: ['127.0.0.1']
2026-05-27T11:52:44.692171488Z   keyfile: None
2026-05-27T11:52:44.692173928Z   certfile: None
2026-05-27T11:52:44.692176328Z   ssl_version: 2
2026-05-27T11:52:44.692178698Z   cert_reqs: 0
2026-05-27T11:52:44.692181148Z   ca_certs: None
2026-05-27T11:52:44.692183598Z   suppress_ragged_eofs: True
2026-05-27T11:52:44.692185888Z   do_handshake_on_connect: False
2026-05-27T11:52:44.692188298Z   ciphers: None
2026-05-27T11:52:44.692190628Z   raw_paste_global_conf: []
2026-05-27T11:52:44.692193028Z   strip_header_spaces: False
2026-05-27T11:52:44.692207408Z [2026-05-27 11:52:44 +0000] [1] [INFO] Starting gunicorn 21.2.0
2026-05-27T11:52:44.69232158Z [2026-05-27 11:52:44 +0000] [1] [DEBUG] Arbiter booted
2026-05-27T11:52:44.69234033Z [2026-05-27 11:52:44 +0000] [1] [INFO] Listening at: http://0.0.0.0:10000 (1)
2026-05-27T11:52:44.692418081Z [2026-05-27 11:52:44 +0000] [1] [INFO] Using worker: gthread
2026-05-27T11:52:44.695067816Z [2026-05-27 11:52:44 +0000] [7] [INFO] Booting worker with pid: 7
2026-05-27T11:52:44.775831273Z [2026-05-27 11:52:44 +0000] [1] [DEBUG] 1 workers
2026-05-27T11:52:48.695292716Z [2026-05-27 11:52:48,695] INFO in __init__: [postgres] Shared connection pool initialized successfully
2026-05-27T11:52:48.69635664Z [2026-05-27 11:52:48,696] INFO in postgres_store: [postgres] Reusing shared connection pool for settings store
2026-05-27T11:52:49.572836278Z [2026-05-27 11:52:49,572] INFO in postgres_store: [postgres] Table ensured for settings store
2026-05-27T11:52:49.796029119Z ==> Your service is live 🎉
2026-05-27T11:52:49.850929678Z [2026-05-27 11:52:49,850] INFO in __init__: [store] Using PostgreSQL backend for settings store
2026-05-27T11:52:49.85102444Z [2026-05-27 11:52:49,850] INFO in postgres_store: [postgres] Reusing shared connection pool for state store
2026-05-27T11:52:49.985733829Z ==> 
2026-05-27T11:52:49.988803127Z ==> ///////////////////////////////////////////////////////////
2026-05-27T11:52:49.991361554Z ==> 
2026-05-27T11:52:49.994242258Z ==> Available at your primary URL https://switchbot-latest.onrender.com
2026-05-27T11:52:49.998493578Z ==> 
2026-05-27T11:52:50.011305747Z ==> ///////////////////////////////////////////////////////////
2026-05-27T11:52:50.128200747Z [2026-05-27 11:52:50,127] INFO in postgres_store: [postgres] Table ensured for state store
2026-05-27T11:52:50.405294864Z [2026-05-27 11:52:50,405] INFO in __init__: [store] Using PostgreSQL backend for state store
2026-05-27T11:52:50.684793613Z [2026-05-27 11:52:50,684] INFO in __init__: [history] Settings store type: <class 'switchbot_dashboard.postgres_store.PostgresStore'>
2026-05-27T11:52:50.684830973Z [2026-05-27 11:52:50,684] INFO in __init__: [history] Is PostgresStore: True
2026-05-27T11:52:51.000034793Z [2026-05-27 11:52:50,999] INFO in history_service: [history] Table state_history ensured
2026-05-27T11:52:51.000220725Z [2026-05-27 11:52:51,000] INFO in __init__: [history] HistoryService initialized with PostgreSQL backend
2026-05-27T11:52:51.564271841Z [2026-05-27 11:52:51,564] DEBUG in postgres_store: [postgres] Data written successfully for state store
2026-05-27T11:52:51.840958973Z [2026-05-27 11:52:51,840] DEBUG in automation: [automation] Polling SwitchBot meter | meter_device_id='FCE61F1FD04C' | trigger='scheduler'
2026-05-27T11:52:52.326554153Z [2026-05-27 11:52:52,326] DEBUG in switchbot_api: SwitchBot GET /v1.1/devices/FCE61F1FD04C/status → HTTP 200 headers={'Content-Type': 'application/json; charset=utf-8', 'Content-Length': '187', 'Connection': 'keep-alive', 'X-RateLimit-Remaining': '6781', 'Date': 'Wed, 27 May 2026 11:52:52 GMT', 'switchbot-request-id': '0a473c5e-3fda-4880-a619-19c4b0c85e50'}
2026-05-27T11:52:52.326596114Z [2026-05-27 11:52:52,326] INFO in switchbot_api: SwitchBot quota snapshot captured: remaining=6781 limit=unknown
2026-05-27T11:52:52.88246012Z [2026-05-27 11:52:52,882] DEBUG in postgres_store: [postgres] Data written successfully for state store
2026-05-27T11:52:52.882573201Z [2026-05-27 11:52:52,882] DEBUG in quota: [quota] headers snapshot recorded: used=3219 remaining=6781 limit=10000
2026-05-27T11:52:52.882711543Z [2026-05-27 11:52:52,882] DEBUG in switchbot_api: SwitchBot API payload parsed: statusCode=100 message=success path=/v1.1/devices/FCE61F1FD04C/status
2026-05-27T11:52:53.160882374Z [2026-05-27 11:52:53,160] DEBUG in automation: [automation] Quota snapshot updated | api_quota_day='2026-05-27' | api_requests_limit=10000 | api_requests_remaining=6781 | api_requests_total=3219 | context='meter_status'
2026-05-27T11:52:53.716397975Z [2026-05-27 11:52:53,716] DEBUG in postgres_store: [postgres] Data written successfully for state store
2026-05-27T11:52:53.716430636Z [2026-05-27 11:52:53,716] DEBUG in automation: [automation] Meter reading stored | humidity=70 | temperature=21.4 | trigger='scheduler'
2026-05-27T11:52:53.721579495Z [2026-05-27 11:52:53,721] INFO in scheduler: [scheduler] BackgroundScheduler started successfully
2026-05-27T11:52:54.277208588Z [2026-05-27 11:52:54,276] INFO in scheduler: [scheduler] Job scheduled with interval=15 seconds
2026-05-27T11:52:54.277234298Z [2026-05-27 11:52:54,277] INFO in scheduler: [scheduler] Triggering immediate first tick
2026-05-27T11:52:54.7391062Z [2026-05-27 11:52:54,738] DEBUG in automation: [automation] Automation tick started | automation_enabled=True | now_local='2026-05-27T13:52:54.738816+02:00' | poll_interval_seconds=15 | timezone='Europe/Paris' | trigger='scheduler'
2026-05-27T11:52:54.739228512Z [2026-05-27 11:52:54,739] DEBUG in automation: [automation] Time window evaluation | in_window=True | now_local='2026-05-27T13:52:54.738816+02:00' | time_windows='[0,1,2,3,4,5,6] 10:00-01:00' | timezone='Europe/Paris' | trigger='scheduler' | turn_off_outside_windows=True
2026-05-27T11:52:55.017256761Z [2026-05-27 11:52:55,017] DEBUG in automation: [automation] Polling SwitchBot meter | meter_device_id='FCE61F1FD04C' | trigger='scheduler'
2026-05-27T11:52:55.280072185Z [2026-05-27 11:52:55,279] DEBUG in switchbot_api: SwitchBot GET /v1.1/devices/FCE61F1FD04C/status → HTTP 200 headers={'Content-Type': 'application/json; charset=utf-8', 'Content-Length': '187', 'Connection': 'keep-alive', 'X-RateLimit-Remaining': '6780', 'Date': 'Wed, 27 May 2026 11:52:55 GMT', 'switchbot-request-id': 'fae05607-e4c1-42f9-84d1-f1c46db164f2'}
2026-05-27T11:52:55.280110996Z [2026-05-27 11:52:55,279] INFO in switchbot_api: SwitchBot quota snapshot captured: remaining=6780 limit=unknown
2026-05-27T11:52:55.280262988Z [2026-05-27 11:52:55,280] DEBUG in quota: [quota] headers snapshot recorded: used=3220 remaining=6780 limit=10000
2026-05-27T11:52:55.280338589Z [2026-05-27 11:52:55,280] DEBUG in switchbot_api: SwitchBot API payload parsed: statusCode=100 message=success path=/v1.1/devices/FCE61F1FD04C/status
2026-05-27T11:52:55.281384703Z [2026-05-27 11:52:55,281] DEBUG in automation: [automation] Quota snapshot updated | api_quota_day='2026-05-27' | api_requests_limit=10000 | api_requests_remaining=6780 | api_requests_total=3220 | context='meter_status'
2026-05-27T11:52:55.281515745Z [2026-05-27 11:52:55,281] DEBUG in automation: [automation] Meter reading stored | humidity=70 | temperature=21.4 | trigger='scheduler'
2026-05-27T11:52:55.281568366Z [2026-05-27 11:52:55,281] DEBUG in automation: [automation] Temperature evaluation | current_temp=21.4 | hysteresis=0.3 | max_temp=22.5 | min_temp=21.5 | mode='summer' | target_temp=22.0 | trigger='scheduler'
2026-05-27T11:52:55.650814781Z [2026-05-27 11:52:55,650] DEBUG in automation: [automation] No automation action needed — thresholds not crossed | trigger='scheduler'
2026-05-27T11:52:55.650851732Z [2026-05-27 11:52:55,650] DEBUG in automation: [automation] Automation tick finished | outcome='no_action' | trigger='scheduler'
2026-05-27T11:52:55.92879952Z [2026-05-27 11:52:55,928] INFO in history_service: [history] Cleaned up 0 old records
2026-05-27T11:52:56.114365666Z [2026-05-27 11:52:56,114] DEBUG in postgres_store: [postgres] Transaction committed with write for state store
2026-05-27T11:52:56.759827537Z [2026-05-27 11:52:56,759] INFO in __init__: [scheduler] APScheduler enabled and started
2026-05-27T11:52:56.760732629Z [2026-05-27 11:52:56 +0000] [7] [DEBUG] HEAD /
2026-05-27T11:52:56.761963456Z [2026-05-27 11:52:56 +0000] [7] [DEBUG] Closing connection. 
2026-05-27T11:52:56.762371491Z [2026-05-27 11:52:56 +0000] [7] [DEBUG] Closing connection. 
2026-05-27T11:52:56.762775996Z [2026-05-27 11:52:56 +0000] [7] [DEBUG] GET /
2026-05-27T11:52:57.490931849Z 127.0.0.1 - - [27/May/2026:11:52:57 +0000] "HEAD / HTTP/1.1" 200 0 "-" "Go-http-client/1.1"
2026-05-27T11:52:57.491229083Z 127.0.0.1 - - [27/May/2026:11:52:57 +0000] "GET / HTTP/1.1" 200 18542 "-" "Go-http-client/2.0"
2026-05-27T11:52:57.491443586Z [2026-05-27 11:52:57 +0000] [7] [DEBUG] HEAD /
2026-05-27T11:52:57.492293288Z [2026-05-27 11:52:57 +0000] [7] [DEBUG] Closing connection. 
2026-05-27T11:52:57.492519711Z [2026-05-27 11:52:57 +0000] [7] [DEBUG] HEAD /
2026-05-27T11:52:58.047956221Z 127.0.0.1 - - [27/May/2026:11:52:58 +0000] "HEAD / HTTP/1.1" 200 0 "-" "Go-http-client/1.1"
2026-05-27T11:52:58.048140963Z 127.0.0.1 - - [27/May/2026:11:52:58 +0000] "HEAD / HTTP/1.1" 200 0 "-" "Go-http-client/1.1"
2026-05-27T11:52:58.048582359Z [2026-05-27 11:52:58 +0000] [7] [DEBUG] Closing connection. 
2026-05-27T11:52:58.049289959Z [2026-05-27 11:52:58 +0000] [7] [DEBUG] Closing connection. 
2026-05-27T11:52:58.817821745Z [2026-05-27 11:52:58 +0000] [7] [DEBUG] Closing connection. 
2026-05-27T11:53:02.687395487Z [2026-05-27 11:53:02 +0000] [7] [DEBUG] GET /
2026-05-27T11:53:03.242931628Z 127.0.0.1 - - [27/May/2026:11:53:03 +0000] "GET / HTTP/1.1" 200 18542 "-" "Mozilla/5.0 (X11; Ubuntu; Linux x86_64; rv:151.0) Gecko/20100101 Firefox/151.0"
2026-05-27T11:53:03.414614767Z [2026-05-27 11:53:03 +0000] [7] [DEBUG] GET /static/js/loaders.js
2026-05-27T11:53:03.416407951Z [2026-05-27 11:53:03 +0000] [7] [DEBUG] GET /static/js/alerts.js
2026-05-27T11:53:03.41782483Z 127.0.0.1 - - [27/May/2026:11:53:03 +0000] "GET /static/js/loaders.js HTTP/1.1" 200 0 "https://switchbot-latest.onrender.com/" "Mozilla/5.0 (X11; Ubuntu; Linux x86_64; rv:151.0) Gecko/20100101 Firefox/151.0"
2026-05-27T11:53:03.418087634Z 127.0.0.1 - - [27/May/2026:11:53:03 +0000] "GET /static/js/alerts.js HTTP/1.1" 200 0 "https://switchbot-latest.onrender.com/" "Mozilla/5.0 (X11; Ubuntu; Linux x86_64; rv:151.0) Gecko/20100101 Firefox/151.0"
2026-05-27T11:53:03.418355507Z [2026-05-27 11:53:03 +0000] [7] [DEBUG] GET /static/js/advanced-optimizer.js
2026-05-27T11:53:03.419499193Z 127.0.0.1 - - [27/May/2026:11:53:03 +0000] "GET /static/js/advanced-optimizer.js HTTP/1.1" 200 0 "https://switchbot-latest.onrender.com/" "Mozilla/5.0 (X11; Ubuntu; Linux x86_64; rv:151.0) Gecko/20100101 Firefox/151.0"
2026-05-27T11:53:03.419729306Z [2026-05-27 11:53:03 +0000] [7] [DEBUG] Closing connection. 
2026-05-27T11:53:03.426358295Z [2026-05-27 11:53:03 +0000] [7] [DEBUG] GET /static/js/performance-optimizer.js
2026-05-27T11:53:03.42745836Z 127.0.0.1 - - [27/May/2026:11:53:03 +0000] "GET /static/js/performance-optimizer.js HTTP/1.1" 200 0 "https://switchbot-latest.onrender.com/" "Mozilla/5.0 (X11; Ubuntu; Linux x86_64; rv:151.0) Gecko/20100101 Firefox/151.0"
2026-05-27T11:53:03.571813761Z [2026-05-27 11:53:03 +0000] [7] [DEBUG] GET /static/vendor/css/space-grotesk.css
2026-05-27T11:53:03.572953246Z [2026-05-27 11:53:03 +0000] [7] [DEBUG] GET /static/js/bottom-nav.js
2026-05-27T11:53:03.574630689Z 127.0.0.1 - - [27/May/2026:11:53:03 +0000] "GET /static/vendor/css/space-grotesk.css HTTP/1.1" 200 0 "https://switchbot-latest.onrender.com/" "Mozilla/5.0 (X11; Ubuntu; Linux x86_64; rv:151.0) Gecko/20100101 Firefox/151.0"
2026-05-27T11:53:03.57545775Z [2026-05-27 11:53:03 +0000] [7] [DEBUG] GET /static/js/spa-router.js
2026-05-27T11:53:03.576122599Z 127.0.0.1 - - [27/May/2026:11:53:03 +0000] "GET /static/js/bottom-nav.js HTTP/1.1" 200 0 "https://switchbot-latest.onrender.com/" "Mozilla/5.0 (X11; Ubuntu; Linux x86_64; rv:151.0) Gecko/20100101 Firefox/151.0"
2026-05-27T11:53:03.576523715Z [2026-05-27 11:53:03 +0000] [7] [DEBUG] GET /static/vendor/fontawesome/css/all.min.css
2026-05-27T11:53:03.578143727Z 127.0.0.1 - - [27/May/2026:11:53:03 +0000] "GET /static/js/spa-router.js HTTP/1.1" 200 0 "https://switchbot-latest.onrender.com/" "Mozilla/5.0 (X11; Ubuntu; Linux x86_64; rv:151.0) Gecko/20100101 Firefox/151.0"
2026-05-27T11:53:03.578160997Z [2026-05-27 11:53:03 +0000] [7] [DEBUG] GET /static/css/theme.css
2026-05-27T11:53:03.578919627Z 127.0.0.1 - - [27/May/2026:11:53:03 +0000] "GET /static/css/theme.css HTTP/1.1" 200 0 "https://switchbot-latest.onrender.com/" "Mozilla/5.0 (X11; Ubuntu; Linux x86_64; rv:151.0) Gecko/20100101 Firefox/151.0"
2026-05-27T11:53:03.579633307Z [2026-05-27 11:53:03 +0000] [7] [DEBUG] GET /static/vendor/css/bootstrap.min.css
2026-05-27T11:53:03.581100316Z 127.0.0.1 - - [27/May/2026:11:53:03 +0000] "GET /static/vendor/css/bootstrap.min.css HTTP/1.1" 200 0 "https://switchbot-latest.onrender.com/" "Mozilla/5.0 (X11; Ubuntu; Linux x86_64; rv:151.0) Gecko/20100101 Firefox/151.0"
2026-05-27T11:53:03.58137127Z [2026-05-27 11:53:03 +0000] [7] [DEBUG] GET /static/css/index.css
2026-05-27T11:53:03.582668117Z 127.0.0.1 - - [27/May/2026:11:53:03 +0000] "GET /static/vendor/fontawesome/css/all.min.css HTTP/1.1" 200 0 "https://switchbot-latest.onrender.com/" "Mozilla/5.0 (X11; Ubuntu; Linux x86_64; rv:151.0) Gecko/20100101 Firefox/151.0"
2026-05-27T11:53:03.584393351Z [2026-05-27 11:53:03 +0000] [7] [DEBUG] Closing connection. 
2026-05-27T11:53:03.584970888Z [2026-05-27 11:53:03 +0000] [7] [DEBUG] Closing connection. 
2026-05-27T11:53:03.585235842Z [2026-05-27 11:53:03 +0000] [7] [DEBUG] Closing connection. 
2026-05-27T11:53:03.585562786Z [2026-05-27 11:53:03 +0000] [7] [DEBUG] Closing connection. 
2026-05-27T11:53:03.586066433Z 127.0.0.1 - - [27/May/2026:11:53:03 +0000] "GET /static/css/index.css HTTP/1.1" 200 0 "https://switchbot-latest.onrender.com/" "Mozilla/5.0 (X11; Ubuntu; Linux x86_64; rv:151.0) Gecko/20100101 Firefox/151.0"
2026-05-27T11:53:03.586713222Z [2026-05-27 11:53:03 +0000] [7] [DEBUG] Closing connection. 
2026-05-27T11:53:03.817789639Z [2026-05-27 11:53:03 +0000] [7] [DEBUG] Closing connection. 
2026-05-27T11:53:04.425388641Z [2026-05-27 11:53:04 +0000] [7] [DEBUG] GET /static/css/sticky-cards.css
2026-05-27T11:53:04.426587617Z 127.0.0.1 - - [27/May/2026:11:53:04 +0000] "GET /static/css/sticky-cards.css HTTP/1.1" 200 0 "https://switchbot-latest.onrender.com/" "Mozilla/5.0 (X11; Ubuntu; Linux x86_64; rv:151.0) Gecko/20100101 Firefox/151.0"
2026-05-27T11:53:04.451779576Z [2026-05-27 11:53:04 +0000] [7] [DEBUG] GET /static/css/theme.css
2026-05-27T11:53:04.452733759Z [2026-05-27 11:53:04 +0000] [7] [DEBUG] GET /static/js/loaders.js
2026-05-27T11:53:04.454187158Z 127.0.0.1 - - [27/May/2026:11:53:04 +0000] "GET /static/js/loaders.js HTTP/1.1" 304 0 "https://switchbot-latest.onrender.com/" "Mozilla/5.0 (X11; Ubuntu; Linux x86_64; rv:151.0) Gecko/20100101 Firefox/151.0"
2026-05-27T11:53:04.45434568Z 127.0.0.1 - - [27/May/2026:11:53:04 +0000] "GET /static/css/theme.css HTTP/1.1" 304 0 "https://switchbot-latest.onrender.com/" "Mozilla/5.0 (X11; Ubuntu; Linux x86_64; rv:151.0) Gecko/20100101 Firefox/151.0"
2026-05-27T11:53:04.457722216Z [2026-05-27 11:53:04 +0000] [7] [DEBUG] GET /static/css/index.css
2026-05-27T11:53:04.458607828Z 127.0.0.1 - - [27/May/2026:11:53:04 +0000] "GET /static/css/index.css HTTP/1.1" 304 0 "https://switchbot-latest.onrender.com/" "Mozilla/5.0 (X11; Ubuntu; Linux x86_64; rv:151.0) Gecko/20100101 Firefox/151.0"
2026-05-27T11:53:04.464291154Z [2026-05-27 11:53:04 +0000] [7] [DEBUG] GET /static/js/performance-optimizer.js
2026-05-27T11:53:04.465148556Z 127.0.0.1 - - [27/May/2026:11:53:04 +0000] "GET /static/js/performance-optimizer.js HTTP/1.1" 304 0 "https://switchbot-latest.onrender.com/" "Mozilla/5.0 (X11; Ubuntu; Linux x86_64; rv:151.0) Gecko/20100101 Firefox/151.0"
2026-05-27T11:53:04.546929316Z [2026-05-27 11:53:04 +0000] [7] [DEBUG] GET /static/css/sticky-footer.css
2026-05-27T11:53:04.54803594Z 127.0.0.1 - - [27/May/2026:11:53:04 +0000] "GET /static/css/sticky-footer.css HTTP/1.1" 200 0 "https://switchbot-latest.onrender.com/" "Mozilla/5.0 (X11; Ubuntu; Linux x86_64; rv:151.0) Gecko/20100101 Firefox/151.0"
2026-05-27T11:53:04.565025189Z [2026-05-27 11:53:04 +0000] [7] [DEBUG] GET /static/js/loaders.js
2026-05-27T11:53:04.566230095Z 127.0.0.1 - - [27/May/2026:11:53:04 +0000] "GET /static/js/loaders.js HTTP/1.1" 304 0 "https://switchbot-latest.onrender.com/" "Mozilla/5.0 (X11; Ubuntu; Linux x86_64; rv:151.0) Gecko/20100101 Firefox/151.0"
2026-05-27T11:53:04.618346086Z [2026-05-27 11:53:04 +0000] [7] [DEBUG] GET /static/js/perf-worker.js
2026-05-27T11:53:04.619494121Z 127.0.0.1 - - [27/May/2026:11:53:04 +0000] "GET /static/js/perf-worker.js HTTP/1.1" 200 0 "https://switchbot-latest.onrender.com/" "Mozilla/5.0 (X11; Ubuntu; Linux x86_64; rv:151.0) Gecko/20100101 Firefox/151.0"
2026-05-27T11:53:04.75543106Z [2026-05-27 11:53:04 +0000] [7] [DEBUG] GET /favicon.ico
2026-05-27T11:53:04.756448934Z 127.0.0.1 - - [27/May/2026:11:53:04 +0000] "GET /favicon.ico HTTP/1.1" 404 207 "https://switchbot-latest.onrender.com/" "Mozilla/5.0 (X11; Ubuntu; Linux x86_64; rv:151.0) Gecko/20100101 Firefox/151.0"
2026-05-27T11:53:04.793263898Z [2026-05-27 11:53:04 +0000] [7] [DEBUG] GET /static/vendor/fonts/SpaceGrotesk-SemiBold.ttf
2026-05-27T11:53:04.79413665Z [2026-05-27 11:53:04 +0000] [7] [DEBUG] GET /static/vendor/fonts/SpaceGrotesk-Medium.ttf
2026-05-27T11:53:04.795339597Z 127.0.0.1 - - [27/May/2026:11:53:04 +0000] "GET /static/vendor/fonts/SpaceGrotesk-SemiBold.ttf HTTP/1.1" 200 0 "https://switchbot-latest.onrender.com/static/vendor/css/space-grotesk.css" "Mozilla/5.0 (X11; Ubuntu; Linux x86_64; rv:151.0) Gecko/20100101 Firefox/151.0"
2026-05-27T11:53:04.795964885Z [2026-05-27 11:53:04 +0000] [7] [DEBUG] GET /static/vendor/fonts/SpaceGrotesk-Regular.ttf
2026-05-27T11:53:04.796733435Z 127.0.0.1 - - [27/May/2026:11:53:04 +0000] "GET /static/vendor/fonts/SpaceGrotesk-Medium.ttf HTTP/1.1" 200 0 "https://switchbot-latest.onrender.com/static/vendor/css/space-grotesk.css" "Mozilla/5.0 (X11; Ubuntu; Linux x86_64; rv:151.0) Gecko/20100101 Firefox/151.0"
2026-05-27T11:53:04.797292543Z [2026-05-27 11:53:04 +0000] [7] [DEBUG] GET /static/vendor/fontawesome/webfonts/fa-solid-900.woff2
2026-05-27T11:53:04.797416594Z 127.0.0.1 - - [27/May/2026:11:53:04 +0000] "GET /static/vendor/fonts/SpaceGrotesk-Regular.ttf HTTP/1.1" 200 0 "https://switchbot-latest.onrender.com/static/vendor/css/space-grotesk.css" "Mozilla/5.0 (X11; Ubuntu; Linux x86_64; rv:151.0) Gecko/20100101 Firefox/151.0"
2026-05-27T11:53:04.798014782Z [2026-05-27 11:53:04 +0000] [7] [DEBUG] Closing connection. 
2026-05-27T11:53:04.79858839Z 127.0.0.1 - - [27/May/2026:11:53:04 +0000] "GET /static/vendor/fontawesome/webfonts/fa-solid-900.woff2 HTTP/1.1" 200 0 "https://switchbot-latest.onrender.com/static/vendor/fontawesome/css/all.min.css" "Mozilla/5.0 (X11; Ubuntu; Linux x86_64; rv:151.0) Gecko/20100101 Firefox/151.0"
2026-05-27T11:53:04.798873694Z [2026-05-27 11:53:04 +0000] [7] [DEBUG] Closing connection. 
2026-05-27T11:53:08.336566333Z [2026-05-27 11:53:08 +0000] [7] [DEBUG] Closing connection. 
2026-05-27T11:53:08.817331788Z [2026-05-27 11:53:08 +0000] [7] [DEBUG] Closing connection. 
2026-05-27T11:53:09.739669143Z [2026-05-27 11:53:09,739] DEBUG in automation: [automation] Automation tick started | automation_enabled=True | now_local='2026-05-27T13:53:09.739322+02:00' | poll_interval_seconds=15 | timezone='Europe/Paris' | trigger='scheduler'
2026-05-27T11:53:09.739781975Z [2026-05-27 11:53:09,739] DEBUG in automation: [automation] Time window evaluation | in_window=True | now_local='2026-05-27T13:53:09.739322+02:00' | time_windows='[0,1,2,3,4,5,6] 10:00-01:00' | timezone='Europe/Paris' | trigger='scheduler' | turn_off_outside_windows=True
2026-05-27T11:53:10.016573147Z [2026-05-27 11:53:10,016] DEBUG in automation: [automation] Polling SwitchBot meter | meter_device_id='FCE61F1FD04C' | trigger='scheduler'
2026-05-27T11:53:10.29336196Z [2026-05-27 11:53:10,293] DEBUG in switchbot_api: SwitchBot GET /v1.1/devices/FCE61F1FD04C/status → HTTP 200 headers={'Content-Type': 'application/json; charset=utf-8', 'Content-Length': '187', 'Connection': 'keep-alive', 'X-RateLimit-Remaining': '6779', 'Date': 'Wed, 27 May 2026 11:53:10 GMT', 'switchbot-request-id': 'a6d134b0-0f96-4144-a95e-68dc53f3a204'}
2026-05-27T11:53:10.29340326Z [2026-05-27 11:53:10,293] INFO in switchbot_api: SwitchBot quota snapshot captured: remaining=6779 limit=unknown
2026-05-27T11:53:10.293564582Z [2026-05-27 11:53:10,293] DEBUG in quota: [quota] headers snapshot recorded: used=3221 remaining=6779 limit=10000
2026-05-27T11:53:10.293643573Z [2026-05-27 11:53:10,293] DEBUG in switchbot_api: SwitchBot API payload parsed: statusCode=100 message=success path=/v1.1/devices/FCE61F1FD04C/status
2026-05-27T11:53:10.295201154Z [2026-05-27 11:53:10,294] DEBUG in automation: [automation] Quota snapshot updated | api_quota_day='2026-05-27' | api_requests_limit=10000 | api_requests_remaining=6779 | api_requests_total=3221 | context='meter_status'
2026-05-27T11:53:10.295482628Z [2026-05-27 11:53:10,295] DEBUG in automation: [automation] Meter reading stored | humidity=70 | temperature=21.4 | trigger='scheduler'
2026-05-27T11:53:10.295576259Z [2026-05-27 11:53:10,295] DEBUG in automation: [automation] Temperature evaluation | current_temp=21.4 | hysteresis=0.3 | max_temp=22.5 | min_temp=21.5 | mode='summer' | target_temp=22.0 | trigger='scheduler'
2026-05-27T11:53:10.572593805Z [2026-05-27 11:53:10,572] DEBUG in automation: [automation] No automation action needed — thresholds not crossed | trigger='scheduler'
2026-05-27T11:53:10.572621035Z [2026-05-27 11:53:10,572] DEBUG in automation: [automation] Automation tick finished | outcome='no_action' | trigger='scheduler'
2026-05-27T11:53:10.849607261Z [2026-05-27 11:53:10,849] INFO in history_service: [history] Cleaned up 0 old records
2026-05-27T11:53:11.035167476Z [2026-05-27 11:53:11,034] DEBUG in postgres_store: [postgres] Transaction committed with write for state store
2026-05-27T11:53:13.817334214Z [2026-05-27 11:53:13 +0000] [7] [DEBUG] Closing connection. 
2026-05-27T11:53:18.817752294Z [2026-05-27 11:53:18 +0000] [7] [DEBUG] Closing connection. 
2026-05-27T11:53:23.817645118Z [2026-05-27 11:53:23 +0000] [7] [DEBUG] Closing connection. 
2026-05-27T11:53:24.739181421Z [2026-05-27 11:53:24,738] DEBUG in automation: [automation] Automation tick started | automation_enabled=True | now_local='2026-05-27T13:53:24.738901+02:00' | poll_interval_seconds=15 | timezone='Europe/Paris' | trigger='scheduler'
2026-05-27T11:53:24.739306283Z [2026-05-27 11:53:24,739] DEBUG in automation: [automation] Time window evaluation | in_window=True | now_local='2026-05-27T13:53:24.738901+02:00' | time_windows='[0,1,2,3,4,5,6] 10:00-01:00' | timezone='Europe/Paris' | trigger='scheduler' | turn_off_outside_windows=True
2026-05-27T11:53:25.015999164Z [2026-05-27 11:53:25,015] DEBUG in automation: [automation] Polling SwitchBot meter | meter_device_id='FCE61F1FD04C' | trigger='scheduler'
2026-05-27T11:53:25.246367752Z [2026-05-27 11:53:25,246] DEBUG in switchbot_api: SwitchBot GET /v1.1/devices/FCE61F1FD04C/status → HTTP 200 headers={'Content-Type': 'application/json; charset=utf-8', 'Content-Length': '187', 'Connection': 'keep-alive', 'X-RateLimit-Remaining': '6778', 'Date': 'Wed, 27 May 2026 11:53:25 GMT', 'switchbot-request-id': '1a6994ab-a53f-47fb-9ecb-54c369cbb331'}
2026-05-27T11:53:25.246404883Z [2026-05-27 11:53:25,246] INFO in switchbot_api: SwitchBot quota snapshot captured: remaining=6778 limit=unknown
2026-05-27T11:53:25.246562145Z [2026-05-27 11:53:25,246] DEBUG in quota: [quota] headers snapshot recorded: used=3222 remaining=6778 limit=10000
2026-05-27T11:53:25.246633036Z [2026-05-27 11:53:25,246] DEBUG in switchbot_api: SwitchBot API payload parsed: statusCode=100 message=success path=/v1.1/devices/FCE61F1FD04C/status
2026-05-27T11:53:25.247862813Z [2026-05-27 11:53:25,247] DEBUG in automation: [automation] Quota snapshot updated | api_quota_day='2026-05-27' | api_requests_limit=10000 | api_requests_remaining=6778 | api_requests_total=3222 | context='meter_status'
2026-05-27T11:53:25.247958404Z [2026-05-27 11:53:25,247] DEBUG in automation: [automation] Meter reading stored | humidity=70 | temperature=21.4 | trigger='scheduler'
2026-05-27T11:53:25.248078215Z [2026-05-27 11:53:25,247] DEBUG in automation: [automation] Temperature evaluation | current_temp=21.4 | hysteresis=0.3 | max_temp=22.5 | min_temp=21.5 | mode='summer' | target_temp=22.0 | trigger='scheduler'
2026-05-27T11:53:25.524812537Z [2026-05-27 11:53:25,524] DEBUG in automation: [automation] No automation action needed — thresholds not crossed | trigger='scheduler'
2026-05-27T11:53:25.524839468Z [2026-05-27 11:53:25,524] DEBUG in automation: [automation] Automation tick finished | outcome='no_action' | trigger='scheduler'
2026-05-27T11:53:25.81503652Z [2026-05-27 11:53:25,814] INFO in history_service: [history] Cleaned up 0 old records
2026-05-27T11:53:26.000809009Z [2026-05-27 11:53:26,000] DEBUG in postgres_store: [postgres] Transaction committed with write for state store
2026-05-27T11:53:28.816975973Z [2026-05-27 11:53:28 +0000] [7] [DEBUG] Closing connection. 
2026-05-27T11:53:33.817959342Z [2026-05-27 11:53:33 +0000] [7] [DEBUG] Closing connection. 
2026-05-27T11:53:36.232317852Z [2026-05-27 11:53:36 +0000] [7] [DEBUG] GET /reglages
